<?xml version="1.0" encoding="utf-8"?><testsuites name="pytest tests"><testsuite name="pytest" errors="0" failures="0" skipped="0" tests="6" time="1.365" timestamp="2026-04-28T12:08:23.821328+00:00" hostname="agent-env-158ff42b-4c1d-4807-983d-ed987833d4d5"><testcase classname="backend.tests.test_toolkit_api" name="test_root_endpoint_returns_hello_world" time="0.280" /><testcase classname="backend.tests.test_toolkit_api" name="test_status_create_and_get_persists_record" time="0.212" /><testcase classname="backend.tests.test_toolkit_api" name="test_waitlist_rejects_invalid_email" time="0.103" /><testcase classname="backend.tests.test_toolkit_api" name="test_waitlist_create_and_get_by_id" time="0.188" /><testcase classname="backend.tests.test_toolkit_api" name="test_waitlist_duplicate_email_same_source_returns_existing" time="0.226" /><testcase classname="backend.tests.test_toolkit_api" name="test_waitlist_get_missing_record_returns_404" time="0.114" /></testsuite></testsuites>